109
143
230
151
108
88
50
144
110
150
105
162
150
145
125
165
80
153
142
62
104
82
97
62
151
148
128
108
112
101
88
183
99
160
119
127
121
105
129
34
146
199
218
104
134
162
99
69
64
125
183
116
98
134
104
165
73
61
174
96
117
110
183
116
95
60
146
136
131
178
122
128
72
76
139
141
93
68
123
152
101
108
35
125
131
129
115
101
78
103
156
118
97
145
153
171
52
80
50
175
151
123
152
148
130
83
97
130
135
123
164
238
146
139
171
163
110
145
165
120
111
153
117
131
190
69
82
123
144
159
125
148
180
135
136
139
89
92
135
108
121
162
177
166
109
157
112
128
171
124
108
111
111
132
68
23
175
152
104
153
171
151
108
77
118
148
157
72
122
75
105
143
123
171
154
98
185
142
154
148
133
122
151
111
92
155
128
121
117
201
77
68
116
154
156
82
100
116
157
90
107
95
120
148
114
161
141
139
62
37
54
174
132
81
122
117
171
136
122
88
78
170
111
80
166
96
56
95
88
100
118
93
111
131
143
114
111
74
157
193
105
156
132
98
66
107
179
79
79
113
82
87
141
124
167
79
157
103
208
67
86
119
165
160
137
117
85
174
170
154
151
88
173
109
71
149
164
166
125
128
55
106
76
106
150
59
158
115
144
143
169
81
109
97
104
173
65
96
61
89
141
108
147
88
99
171
214
138
80
118
205
115
120
191
194
118
145
186
70
136
117
123
117
108
68
116
185
96
83
103
154
84
110
86
78
163
162
122
60
81
171
110
180
72
191
123
129
155
86
171
157
109
130
88
168
80
144
145
106
148
65
147
155
78
144
147
142
99
121
140
78
147
166
88
55
155
169
107
148
79
192
103
134
131
135
75
98
67
157
89
50
156
124
85
113
139
144
146
180
146
179
100
150
184
123
170
201
117
109
84
128
119
91
200
83
162
105
165
124
116
89
166
111
112
139
152
158
116
106
205
113
129
197
174
150
166
103
190
116
85
159
153
101
126
195
80
161
113
59
195
187
208
97
199
71
152
161
148
169
142
114
55
95
155
71
163
123
152
91
137
159
105
91
57
71
139
95
116
92
120
87
102
86
131
181
174
96
145
37
89
169
79
128
64
107
110
162
165
142
184
97
61
163
167
191
101
111
137
141
40
53
98
111
88
129
100
184
194
147
156
189
120
145
113
46
98
125
101
150
147
129
142
95
142
82
48
149
176
53
91
150
113
125
89
71
187
101
141
103
143
168
125
136
107
167
110
95
143
115
146
104
169
38
185
170
121
119
137
127
73
92
99
176
101
145
94
180
125
130
65
76
203
150
127
126
134
180
84
77
101
126
73
92
121
135
106
131
117
183
203
115
192
141
53
209
104
155
150
98
84
156
137
58
198
194
172
42
189
55
90
137
119
194
164
181
72
76
66
127
138
113
134
174
130
163
159
163
183
135
105
131
163
124
167
98
172
90
123
56
129
115
81
173
165
155
185
155
172
154
166
173
109
97
183
131
84
124
155
191
172
149
119
112
103
144
150
88
120
171
155
113
159
89
159
116
92
63
104
180
173
89
100
162
78
128
61
77
176
157
86
75
146
118
170
194
169
157
142
113
120
92
164
83
107
133
193
150
111
125
98
125
138
54
94
71
149
65
127
104
137
99
139
158
163
167
185
82
116
180
86
163
138
118
142
193
172
72
99
125
171
175
108
143
139
194
112
133
98
116
80
160
120
169
136
104
113
134
173
150
94
145
145
140
178
29
129
167
189
97
96
169
109
142
92
165
72
149
137
180
168
104
196
123
100
74
151
57
50
89
100
111
173
112
80
91
150
161
147
77
181
121
95
70
86
194
85
196
97
175
147
58
112
152
106
142
134
119
30
117
77
84
151
108
181
74
170
119
99
119
164
106
108
155
190
115
160
113
119
154
211
94
85
181
140
156
116
165
78
113
147
170
174
179
73
61
135
28
170
119
151
197
166
96
99
179
73
58
100
106
95
139
118
116
83
182
100
54
161
187
210
147
149
107
144
144
82
114
167
170
47
127
162
151
96
114
126
161
108
171
118
106
131
171
112
116
162
179
124
81
99
89
131
155
145
81
146
128
99
158
181
132
147
141
143
170
201
156
52
75
114
143
137
147
195
94
167
155
88
126
114
133
146
120
155
204
90
175
124
115
203
161
132
105
166
126
113
221
115
77
172
46
135
100
113
131
113
120
132
143
53
173
113
157
88
104
164
189
91
120
208
119
129
57
104
90
154
64
102
40
115