##..####.....##
.#....#........
...##...#..#...
..###....#.#..#
##...#...##....
#....#...#.#.##
#......##..#.#.
..##.#.....#...
.#..#..........
.##...#.#.#...#
............##.
..#.....#..#...
##..#.........#
..####.......#.
#.#.###..##....


I: 0 J: 2

I: 5 J: 4

I: 4 J: 11

I: 9 J: 3

I: 14 J: 1

I: 6 J: 5

I: 3 J: 8

I: 12 J: 13

I: 1 J: 12
9
##..####.....##
.#....#........
...##...#..#...
..###....#.#..#
##...#...##....
#....#...#.#.##
#......##..#.#.
..##.#.....#...
.#..#..........
.##...#.#.#...#
............##.
..#.....#..#...
##..#.........#
..####.......#.
#.#.###..##....


I: 0 J: 2

I: 5 J: 4

I: 4 J: 11

I: 9 J: 3

I: 14 J: 1

I: 6 J: 5

I: 3 J: 8

I: 12 J: 13

I: 1 J: 12
9
