5 1 2 3 
1 3 4 10 
1 2 
7 4 10 11 2 25 5 
19 2 22 5 8 18 3 
15 16 1 5 
2 8 17 11 3 16 26 23 28 
27 5 2 36 38 23 45 25 
82 57 51 71 50 43 69 12 81 49 3 79 
53 23 21 44 19 18 16 64 6 58 2 35 
2 32 11 6 39 24 67 46 4 59 78 16 
72 26 6 18 3 77 66 24 11 59 20 14 82 25 
26 71 55 28 88 53 37 43 14 1 6 12 
9 36 16 11 1 3 
12 1 19 22 33 21 47 
3 5 4 
7 4 
18 57 3 62 22 59 61 47 38 26 51 5 
36 26 1 21 7 10 27 
28 24 1 18 38 34 3 43 22 
12 4 11 
25 26 14 9 13 
40 12 39 63 58 21 31 34 20 16 70 5 
43 6 30 8 19 16 18 51 32 21 
70 59 47 2 49 37 63 61 14 26 
4 26 16 8 32 28 
1 5 10 2 
12 63 32 50 64 53 54 3 57 67 
8 15 10 18 6 20 
1 2 4 8 5 3 
61 70 37 38 87 11 76 7 25 91 67 74 49 
5 14 3 21 6 
72 15 32 86 64 50 43 9 28 37 88 
6 4 1 
15 35 3 20 18 33 11 21 
27 41 2 31 28 19 11 
18 45 23 8 25 16 1 39 
9 10 25 13 23 22 
9 5 16 17 
63 56 94 71 86 1 69 57 12 26 27 22 25 
29 22 42 20 14 21 49 15 32 35 28 
19 32 23 25 46 5 45 15 7 24 
15 3 31 12 22 29 21 
16 10 12 3 19 1 17 7 
15 42 20 16 21 39 41 51 69 33 54 8 63 
86 93 3 88 74 71 83 95 8 91 66 21 57 
72 31 19 6 42 60 35 8 15 56 
3 30 25 9 53 20 32 14 
41 47 9 31 98 85 59 71 79 64 
2 3 9 10 14 
6 41 28 12 35 27 4 
3 84 65 83 24 19 52 12 29 13 15 33 
6 61 38 9 10 20 41 56 64 
71 42 12 29 15 35 67 2 69 34 62 
15 2 22 1 21 6 
3 57 10 4 30 70 61 34 35 42 84 43 
29 32 16 26 21 1 12 
8 1 7 
66 52 6 58 10 49 23 25 65 34 
15 60 28 87 1 48 59 44 55 
19 76 2 32 16 81 15 39 22 60 62 29 
49 57 47 22 4 9 30 13 51 
23 43 19 47 27 15 14 40 11 
75 76 77 58 3 39 13 66 69 63 97 5 
70 59 39 45 33 25 24 46 22 21 13 44 
5 9 22 18 14 6 
12 7 3 
75 23 72 50 65 37 20 14 12 69 62 
22 21 14 2 13 18 
34 50 53 18 39 46 48 21 
25 5 15 34 13 36 20 
5 21 15 17 8 2 
43 35 45 48 42 46 59 36 
11 14 13 10 
14 25 29 69 85 34 
31 22 2 3 44 59 54 17 
81 36 70 90 78 60 73 89 49 17 57 12 84 67 55 23 
4 7 8 3 
26 62 64 22 3 58 18 6 53 99 69 13 71 37 
68 24 72 34 14 76 58 18 62 
7 1 6 15 14 20 
29 27 22 71 42 61 95 44 7 68 31 23 92 
41 29 49 54 6 37 10 14 3 45 27 52 55 
1 60 38 40 32 34 37 12 3 
1 2 
3 8 26 12 9 
84 90 42 73 12 70 75 67 62 6 3 
46 34 44 29 26 15 51 57 32 
24 52 26 57 21 48 13 10 
39 12 58 18 31 56 77 10 
24 22 10 28 13 19 21 
57 10 22 8 1 58 16 69 23 
28 19 14 35 33 37 1 
7 13 26 22 4 29 19 3 
65 61 23 60 24 69 27 12 63 47 
25 12 31 17 8 27 
76 16 54 65 27 69 37 20 26 32 8 50 75 66 51 
58 33 46 34 54 32 25 45 30 
19 75 38 24 26 87 36 82 4 57 7 51 
16 18 17 2 9 
13 31 12 1 5 40 63 38 42 25 3 
25 19 27 8 34 18 13 14 
3 4 6 
17 3 16 24 15 4 
23 24 5 6 12 
7 18 58 6 49 32 36 38 42 28 
8 31 6 39 13 55 69 58 45 
53 66 30 44 1 56 74 91 32 24 50 51 
19 30 18 6 10 1 
2 29 7 20 32 30 5 27 9 
18 12 11 4 20 16 22 
63 77 68 12 48 74 9 24 41 35 22 3 
31 22 11 44 32 27 21 42 8 9 2 
2 8 10 12 1 6 
20 25 9 13 8 24 
63 46 60 61 68 79 19 77 28 72 74 
50 48 67 9 5 37 38 
71 37 53 79 59 34 47 6 54 75 67 
44 31 46 26 8 
33 15 27 16 38 12 5 
21 65 66 36 71 8 47 9 72 26 57 76 4 45 
15 42 88 77 69 12 87 74 7 82 31 
22 31 50 29 55 25 
9 50 61 28 55 29 31 13 2 60 
97 27 52 2 39 42 25 34 73 51 43 16 26 91 84 81 32 41 
35 49 26 29 7 11 17 51 
21 61 50 15 40 10 4 36 58 26 
5 8 9 21 24 7 
2 8 5 
48 30 10 25 34 8 52 
26 22 12 13 29 21 19 
1 35 30 22 11 29 25 37 34 
10 18 6 7 
36 31 20 62 7 66 49 54 64 51 33 22 
7 60 4 27 69 42 63 64 2 
26 10 31 20 28 8 30 14 12 
27 11 55 8 22 48 40 62 36 
20 10 49 14 4 15 9 34 12 55 
6 4 5 
14 12 11 6 13 
51 17 50 16 29 7 13 70 56 8 4 52 58 
20 16 26 9 17 19 55 54 57 33 61 25 41 
33 25 58 17 51 41 73 38 43 9 1 49 
1 2 5 6 
5 6 1 
37 5 9 14 22 7 10 21 11 
29 53 17 9 30 15 37 43 36 44 
8 9 2 11 3 
4 16 7 31 18 19 32 25 59 17 55 
30 45 80 75 73 11 79 59 18 8 74 54 
76 56 27 50 61 82 77 65 6 85 92 20 71 17 
3 7 1 
17 14 32 23 49 54 10 57 39 28 40 18 
19 68 66 13 11 61 17 23 29 49 43 
50 55 33 7 14 51 13 31 4 5 47 18 
13 2 10 19 18 
22 11 24 5 32 7 23 
3 7 5 
89 50 77 16 41 36 39 43 72 73 74 49 83 64 
34 7 29 10 27 16 2 
7 12 22 5 16 
50 65 8 28 1 61 82 24 78 12 84 3 64 40 9 16 56 
2 9 37 10 31 38 18 
4 9 7 20 14 11 16 12 19 
44 31 22 18 19 38 23 1 
7 30 17 15 21 5 10 19 
4 6 16 10 1 14 
5 15 10 25 
5 7 4 8 
83 84 7 42 8 74 54 16 80 17 67 47 
1 8 22 7 15 17 
10 9 12 14 1 
4 6 
44 52 8 60 57 65 42 66 7 
58 36 42 62 72 39 47 19 30 49 
19 32 4 85 31 54 39 71 5 25 63 56 35 
22 11 9 17 5 
1 3 
121 73 16 10 56 38 7 5 57 39 
26 11 27 24 12 17 4 29 
7 2 5 
2 26 21 56 8 15 10 1 3 70 41 11 51 30 
8 29 18 26 1 27 
20 24 56 44 51 39 12 28 43 
1 83 19 30 13 15 68 28 53 90 24 22 44 
22 38 10 2 34 35 
14 32 28 2 29 34 15 11 4 
12 20 22 2 
17 37 1 8 71 66 80 6 30 70 81 16 12 11 49 
20 26 3 9 8 21 
13 3 7 8 1 
5 38 18 14 
79 65 17 42 6 60 3 30 85 24 36 
19 28 4 20 29 18 
53 46 72 56 85 96 14 36 98 3 66 7 35 25 
6 14 12 3 10 20 
1 15 24 56 32 12 60 64 7 59 
6 10 9 2 11 
61 7 30 5 68 55 79 72 75 3 
